<?xml version="1.0" encoding="UTF-8"?>
<testsuite xmlns:xsi="http://www.w3.org/2001/XMLSchema-instance" xsi:noNamespaceSchemaLocation="https://maven.apache.org/surefire/maven-surefire-plugin/xsd/surefire-test-report.xsd" name="runners.Runner" time="5.77" tests="7" errors="0" skipped="0" failures="0">
  <properties>
    <property name="sun.desktop" value="windows"/>
    <property name="awt.toolkit" value="sun.awt.windows.WToolkit"/>
    <property name="java.specification.version" value="11"/>
    <property name="sun.cpu.isalist" value="amd64"/>
    <property name="sun.jnu.encoding" value="Cp1252"/>
    <property name="java.class.path" value="F:\Prossional Courses\VOIS-Task\API-TestModule\target\test-classes;F:\Prossional Courses\VOIS-Task\API-TestModule\target\classes;F:\Prossional Courses\VOIS-Task\Common-Utilities\target\classes;C:\Users\Hassan Badr\.m2\repository\io\rest-assured\rest-assured\4.3.0\rest-assured-4.3.0.jar;C:\Users\Hassan Badr\.m2\repository\org\codehaus\groovy\groovy\3.0.2\groovy-3.0.2.jar;C:\Users\Hassan Badr\.m2\repository\org\codehaus\groovy\groovy-xml\3.0.2\groovy-xml-3.0.2.jar;C:\Users\Hassan Badr\.m2\repository\org\apache\httpcomponents\httpclient\4.5.3\httpclient-4.5.3.jar;C:\Users\Hassan Badr\.m2\repository\org\apache\httpcomponents\httpcore\4.4.6\httpcore-4.4.6.jar;C:\Users\Hassan Badr\.m2\repository\commons-logging\commons-logging\1.2\commons-logging-1.2.jar;C:\Users\Hassan Badr\.m2\repository\commons-codec\commons-codec\1.9\commons-codec-1.9.jar;C:\Users\Hassan Badr\.m2\repository\org\apache\httpcomponents\httpmime\4.5.3\httpmime-4.5.3.jar;C:\Users\Hassan Badr\.m2\repository\org\hamcrest\hamcrest\2.1\hamcrest-2.1.jar;C:\Users\Hassan Badr\.m2\repository\org\ccil\cowan\tagsoup\tagsoup\1.2.1\tagsoup-1.2.1.jar;C:\Users\Hassan Badr\.m2\repository\io\rest-assured\xml-path\4.3.0\xml-path-4.3.0.jar;C:\Users\Hassan Badr\.m2\repository\jakarta\xml\bind\jakarta.xml.bind-api\2.3.2\jakarta.xml.bind-api-2.3.2.jar;C:\Users\Hassan Badr\.m2\repository\jakarta\activation\jakarta.activation-api\1.2.1\jakarta.activation-api-1.2.1.jar;C:\Users\Hassan Badr\.m2\repository\com\sun\xml\bind\jaxb-osgi\2.3.0.1\jaxb-osgi-2.3.0.1.jar;C:\Users\Hassan Badr\.m2\repository\org\apache\sling\org.apache.sling.javax.activation\0.1.0\org.apache.sling.javax.activation-0.1.0.jar;C:\Users\Hassan Badr\.m2\repository\javax\activation\activation\1.1.1\activation-1.1.1.jar;C:\Users\Hassan Badr\.m2\repository\io\rest-assured\json-path\4.3.0\json-path-4.3.0.jar;C:\Users\Hassan Badr\.m2\repository\org\codehaus\groovy\groovy-json\3.0.2\groovy-json-3.0.2.jar;C:\Users\Hassan Badr\.m2\repository\io\rest-assured\rest-assured-common\4.3.0\rest-assured-common-4.3.0.jar;C:\Users\Hassan Badr\.m2\repository\org\hamcrest\java-hamcrest\2.0.0.0\java-hamcrest-2.0.0.0.jar;C:\Users\Hassan Badr\.m2\repository\com\google\code\gson\gson\2.8.5\gson-2.8.5.jar;C:\Users\Hassan Badr\.m2\repository\com\googlecode\json-simple\json-simple\1.1.1\json-simple-1.1.1.jar;C:\Users\Hassan Badr\.m2\repository\com\jayway\restassured\json-schema-validator\2.2.0\json-schema-validator-2.2.0.jar;C:\Users\Hassan Badr\.m2\repository\com\github\fge\json-schema-validator\2.1.7\json-schema-validator-2.1.7.jar;C:\Users\Hassan Badr\.m2\repository\com\googlecode\libphonenumber\libphonenumber\5.6\libphonenumber-5.6.jar;C:\Users\Hassan Badr\.m2\repository\com\github\fge\json-schema-core\1.1.8\json-schema-core-1.1.8.jar;C:\Users\Hassan Badr\.m2\repository\com\github\fge\uri-template\0.7\uri-template-0.7.jar;C:\Users\Hassan Badr\.m2\repository\com\github\fge\msg-simple\0.9\msg-simple-0.9.jar;C:\Users\Hassan Badr\.m2\repository\com\github\fge\btf\1.0\btf-1.0.jar;C:\Users\Hassan Badr\.m2\repository\com\github\fge\jackson-coreutils\1.4\jackson-coreutils-1.4.jar;C:\Users\Hassan Badr\.m2\repository\org\mozilla\rhino\1.7R4\rhino-1.7R4.jar;C:\Users\Hassan Badr\.m2\repository\com\google\inject\guice\3.0\guice-3.0.jar;C:\Users\Hassan Badr\.m2\repository\javax\inject\javax.inject\1\javax.inject-1.jar;C:\Users\Hassan Badr\.m2\repository\aopalliance\aopalliance\1.0\aopalliance-1.0.jar;C:\Users\Hassan Badr\.m2\repository\javax\mail\mailapi\1.4.3\mailapi-1.4.3.jar;C:\Users\Hassan Badr\.m2\repository\com\google\code\findbugs\jsr305\2.0.1\jsr305-2.0.1.jar;C:\Users\Hassan Badr\.m2\repository\org\hamcrest\hamcrest-core\1.3\hamcrest-core-1.3.jar;C:\Users\Hassan Badr\.m2\repository\junit\junit\4.13\junit-4.13.jar;C:\Users\Hassan Badr\.m2\repository\io\cucumber\cucumber-core\5.6.0\cucumber-core-5.6.0.jar;C:\Users\Hassan Badr\.m2\repository\io\cucumber\cucumber-gherkin\5.6.0\cucumber-gherkin-5.6.0.jar;C:\Users\Hassan Badr\.m2\repository\io\cucumber\cucumber-gherkin-vintage\5.6.0\cucumber-gherkin-vintage-5.6.0.jar;C:\Users\Hassan Badr\.m2\repository\io\cucumber\cucumber-expressions\8.3.1\cucumber-expressions-8.3.1.jar;C:\Users\Hassan Badr\.m2\repository\io\cucumber\datatable\3.3.1\datatable-3.3.1.jar;C:\Users\Hassan Badr\.m2\repository\io\cucumber\cucumber-plugin\5.6.0\cucumber-plugin-5.6.0.jar;C:\Users\Hassan Badr\.m2\repository\io\cucumber\docstring\5.6.0\docstring-5.6.0.jar;C:\Users\Hassan Badr\.m2\repository\org\apiguardian\apiguardian-api\1.1.0\apiguardian-api-1.1.0.jar;C:\Users\Hassan Badr\.m2\repository\io\cucumber\tag-expressions\2.0.4\tag-expressions-2.0.4.jar;C:\Users\Hassan Badr\.m2\repository\io\cucumber\cucumber-java\5.6.0\cucumber-java-5.6.0.jar;C:\Users\Hassan Badr\.m2\repository\io\cucumber\cucumber-junit\5.6.0\cucumber-junit-5.6.0.jar;C:\Users\Hassan Badr\.m2\repository\net\masterthought\cucumber-reporting\5.2.0\cucumber-reporting-5.2.0.jar;C:\Users\Hassan Badr\.m2\repository\com\fasterxml\jackson\core\jackson-databind\2.10.1\jackson-databind-2.10.1.jar;C:\Users\Hassan Badr\.m2\repository\com\fasterxml\jackson\core\jackson-annotations\2.10.1\jackson-annotations-2.10.1.jar;C:\Users\Hassan Badr\.m2\repository\com\fasterxml\jackson\core\jackson-core\2.10.1\jackson-core-2.10.1.jar;C:\Users\Hassan Badr\.m2\repository\com\fasterxml\jackson\datatype\jackson-datatype-jsr310\2.10.1\jackson-datatype-jsr310-2.10.1.jar;C:\Users\Hassan Badr\.m2\repository\org\apache\velocity\velocity-engine-core\2.1\velocity-engine-core-2.1.jar;C:\Users\Hassan Badr\.m2\repository\org\slf4j\slf4j-api\1.7.26\slf4j-api-1.7.26.jar;C:\Users\Hassan Badr\.m2\repository\commons-collections\commons-collections\3.2.2\commons-collections-3.2.2.jar;C:\Users\Hassan Badr\.m2\repository\joda-time\joda-time\2.10.5\joda-time-2.10.5.jar;C:\Users\Hassan Badr\.m2\repository\org\apache\commons\commons-lang3\3.9\commons-lang3-3.9.jar;C:\Users\Hassan Badr\.m2\repository\commons-io\commons-io\2.6\commons-io-2.6.jar;C:\Users\Hassan Badr\.m2\repository\org\codehaus\plexus\plexus-utils\3.3.0\plexus-utils-3.3.0.jar;C:\Users\Hassan Badr\.m2\repository\org\jsoup\jsoup\1.12.1\jsoup-1.12.1.jar;C:\Users\Hassan Badr\.m2\repository\com\googlecode\owasp-java-html-sanitizer\owasp-java-html-sanitizer\20191001.1\owasp-java-html-sanitizer-20191001.1.jar;C:\Users\Hassan Badr\.m2\repository\com\google\guava\guava\27.1-jre\guava-27.1-jre.jar;C:\Users\Hassan Badr\.m2\repository\com\google\guava\failureaccess\1.0.1\failureaccess-1.0.1.jar;C:\Users\Hassan Badr\.m2\repository\com\google\guava\listenablefuture\9999.0-empty-to-avoid-conflict-with-guava\listenablefuture-9999.0-empty-to-avoid-conflict-with-guava.jar;C:\Users\Hassan Badr\.m2\repository\org\checkerframework\checker-qual\2.5.2\checker-qual-2.5.2.jar;C:\Users\Hassan Badr\.m2\repository\com\google\errorprone\error_prone_annotations\2.2.0\error_prone_annotations-2.2.0.jar;C:\Users\Hassan Badr\.m2\repository\com\google\j2objc\j2objc-annotations\1.1\j2objc-annotations-1.1.jar;C:\Users\Hassan Badr\.m2\repository\org\codehaus\mojo\animal-sniffer-annotations\1.17\animal-sniffer-annotations-1.17.jar;C:\Users\Hassan Badr\.m2\repository\commons-configuration\commons-configuration\1.10\commons-configuration-1.10.jar;C:\Users\Hassan Badr\.m2\repository\commons-lang\commons-lang\2.6\commons-lang-2.6.jar;C:\Users\Hassan Badr\.m2\repository\io\cucumber\gherkin\13.0.0\gherkin-13.0.0.jar;C:\Users\Hassan Badr\.m2\repository\io\cucumber\messages\12.0.0\messages-12.0.0.jar;C:\Users\Hassan Badr\.m2\repository\io\cucumber\datatable-matchers\3.3.1\datatable-matchers-3.3.1.jar;C:\Users\Hassan Badr\.m2\repository\io\cucumber\cucumber-java8\5.6.0\cucumber-java8-5.6.0.jar;C:\Users\Hassan Badr\.m2\repository\net\jodah\typetools\0.6.2\typetools-0.6.2.jar;C:\Users\Hassan Badr\.m2\repository\io\cucumber\cucumber-picocontainer\5.6.0\cucumber-picocontainer-5.6.0.jar;C:\Users\Hassan Badr\.m2\repository\org\picocontainer\picocontainer\2.15\picocontainer-2.15.jar;C:\Users\Hassan Badr\.m2\repository\com\aventstack\extentreports\4.1.5\extentreports-4.1.5.jar;C:\Users\Hassan Badr\.m2\repository\org\freemarker\freemarker\2.3.29\freemarker-2.3.29.jar;C:\Users\Hassan Badr\.m2\repository\org\mongodb\mongodb-driver\3.12.0\mongodb-driver-3.12.0.jar;C:\Users\Hassan Badr\.m2\repository\org\mongodb\mongodb-driver-core\3.12.0\mongodb-driver-core-3.12.0.jar;C:\Users\Hassan Badr\.m2\repository\org\mongodb\bson\3.12.0\bson-3.12.0.jar;C:\Users\Hassan Badr\.m2\repository\tech\grasshopper\extentreports-cucumber5-adapter\1.2.0\extentreports-cucumber5-adapter-1.2.0.jar;C:\Users\Hassan Badr\.m2\repository\com\github\javafaker\javafaker\1.0.2\javafaker-1.0.2.jar;C:\Users\Hassan Badr\.m2\repository\org\yaml\snakeyaml\1.23\snakeyaml-1.23-android.jar;C:\Users\Hassan Badr\.m2\repository\com\github\mifmif\generex\1.0.2\generex-1.0.2.jar;C:\Users\Hassan Badr\.m2\repository\dk\brics\automaton\automaton\1.11-8\automaton-1.11-8.jar;"/>
    <property name="java.vm.vendor" value="Oracle Corporation"/>
    <property name="sun.arch.data.model" value="64"/>
    <property name="extent.reporter.logger.start" value="true"/>
    <property name="user.variant" value=""/>
    <property name="java.vendor.url" value="https://openjdk.java.net/"/>
    <property name="user.timezone" value="Africa/Cairo"/>
    <property name="java.vm.specification.version" value="11"/>
    <property name="os.name" value="Windows 10"/>
    <property name="sun.java.launcher" value="SUN_STANDARD"/>
    <property name="user.country" value="US"/>
    <property name="sun.boot.library.path" value="C:\Program Files\Java\jdk-11.0.8\bin"/>
    <property name="sun.java.command" value="C:\Users\HASSAN~1\AppData\Local\Temp\surefire7040254668903162216\surefirebooter15531536163911761421.jar C:\Users\Hassan Badr\AppData\Local\Temp\surefire7040254668903162216 2020-11-28T15-57-58_067-jvmRun1 surefire9687784387446926233tmp surefire_16081264082462616360tmp"/>
    <property name="jdk.debug" value="release"/>
    <property name="surefire.test.class.path" value="F:\Prossional Courses\VOIS-Task\API-TestModule\target\test-classes;F:\Prossional Courses\VOIS-Task\API-TestModule\target\classes;F:\Prossional Courses\VOIS-Task\Common-Utilities\target\classes;C:\Users\Hassan Badr\.m2\repository\io\rest-assured\rest-assured\4.3.0\rest-assured-4.3.0.jar;C:\Users\Hassan Badr\.m2\repository\org\codehaus\groovy\groovy\3.0.2\groovy-3.0.2.jar;C:\Users\Hassan Badr\.m2\repository\org\codehaus\groovy\groovy-xml\3.0.2\groovy-xml-3.0.2.jar;C:\Users\Hassan Badr\.m2\repository\org\apache\httpcomponents\httpclient\4.5.3\httpclient-4.5.3.jar;C:\Users\Hassan Badr\.m2\repository\org\apache\httpcomponents\httpcore\4.4.6\httpcore-4.4.6.jar;C:\Users\Hassan Badr\.m2\repository\commons-logging\commons-logging\1.2\commons-logging-1.2.jar;C:\Users\Hassan Badr\.m2\repository\commons-codec\commons-codec\1.9\commons-codec-1.9.jar;C:\Users\Hassan Badr\.m2\repository\org\apache\httpcomponents\httpmime\4.5.3\httpmime-4.5.3.jar;C:\Users\Hassan Badr\.m2\repository\org\hamcrest\hamcrest\2.1\hamcrest-2.1.jar;C:\Users\Hassan Badr\.m2\repository\org\ccil\cowan\tagsoup\tagsoup\1.2.1\tagsoup-1.2.1.jar;C:\Users\Hassan Badr\.m2\repository\io\rest-assured\xml-path\4.3.0\xml-path-4.3.0.jar;C:\Users\Hassan Badr\.m2\repository\jakarta\xml\bind\jakarta.xml.bind-api\2.3.2\jakarta.xml.bind-api-2.3.2.jar;C:\Users\Hassan Badr\.m2\repository\jakarta\activation\jakarta.activation-api\1.2.1\jakarta.activation-api-1.2.1.jar;C:\Users\Hassan Badr\.m2\repository\com\sun\xml\bind\jaxb-osgi\2.3.0.1\jaxb-osgi-2.3.0.1.jar;C:\Users\Hassan Badr\.m2\repository\org\apache\sling\org.apache.sling.javax.activation\0.1.0\org.apache.sling.javax.activation-0.1.0.jar;C:\Users\Hassan Badr\.m2\repository\javax\activation\activation\1.1.1\activation-1.1.1.jar;C:\Users\Hassan Badr\.m2\repository\io\rest-assured\json-path\4.3.0\json-path-4.3.0.jar;C:\Users\Hassan Badr\.m2\repository\org\codehaus\groovy\groovy-json\3.0.2\groovy-json-3.0.2.jar;C:\Users\Hassan Badr\.m2\repository\io\rest-assured\rest-assured-common\4.3.0\rest-assured-common-4.3.0.jar;C:\Users\Hassan Badr\.m2\repository\org\hamcrest\java-hamcrest\2.0.0.0\java-hamcrest-2.0.0.0.jar;C:\Users\Hassan Badr\.m2\repository\com\google\code\gson\gson\2.8.5\gson-2.8.5.jar;C:\Users\Hassan Badr\.m2\repository\com\googlecode\json-simple\json-simple\1.1.1\json-simple-1.1.1.jar;C:\Users\Hassan Badr\.m2\repository\com\jayway\restassured\json-schema-validator\2.2.0\json-schema-validator-2.2.0.jar;C:\Users\Hassan Badr\.m2\repository\com\github\fge\json-schema-validator\2.1.7\json-schema-validator-2.1.7.jar;C:\Users\Hassan Badr\.m2\repository\com\googlecode\libphonenumber\libphonenumber\5.6\libphonenumber-5.6.jar;C:\Users\Hassan Badr\.m2\repository\com\github\fge\json-schema-core\1.1.8\json-schema-core-1.1.8.jar;C:\Users\Hassan Badr\.m2\repository\com\github\fge\uri-template\0.7\uri-template-0.7.jar;C:\Users\Hassan Badr\.m2\repository\com\github\fge\msg-simple\0.9\msg-simple-0.9.jar;C:\Users\Hassan Badr\.m2\repository\com\github\fge\btf\1.0\btf-1.0.jar;C:\Users\Hassan Badr\.m2\repository\com\github\fge\jackson-coreutils\1.4\jackson-coreutils-1.4.jar;C:\Users\Hassan Badr\.m2\repository\org\mozilla\rhino\1.7R4\rhino-1.7R4.jar;C:\Users\Hassan Badr\.m2\repository\com\google\inject\guice\3.0\guice-3.0.jar;C:\Users\Hassan Badr\.m2\repository\javax\inject\javax.inject\1\javax.inject-1.jar;C:\Users\Hassan Badr\.m2\repository\aopalliance\aopalliance\1.0\aopalliance-1.0.jar;C:\Users\Hassan Badr\.m2\repository\javax\mail\mailapi\1.4.3\mailapi-1.4.3.jar;C:\Users\Hassan Badr\.m2\repository\com\google\code\findbugs\jsr305\2.0.1\jsr305-2.0.1.jar;C:\Users\Hassan Badr\.m2\repository\org\hamcrest\hamcrest-core\1.3\hamcrest-core-1.3.jar;C:\Users\Hassan Badr\.m2\repository\junit\junit\4.13\junit-4.13.jar;C:\Users\Hassan Badr\.m2\repository\io\cucumber\cucumber-core\5.6.0\cucumber-core-5.6.0.jar;C:\Users\Hassan Badr\.m2\repository\io\cucumber\cucumber-gherkin\5.6.0\cucumber-gherkin-5.6.0.jar;C:\Users\Hassan Badr\.m2\repository\io\cucumber\cucumber-gherkin-vintage\5.6.0\cucumber-gherkin-vintage-5.6.0.jar;C:\Users\Hassan Badr\.m2\repository\io\cucumber\cucumber-expressions\8.3.1\cucumber-expressions-8.3.1.jar;C:\Users\Hassan Badr\.m2\repository\io\cucumber\datatable\3.3.1\datatable-3.3.1.jar;C:\Users\Hassan Badr\.m2\repository\io\cucumber\cucumber-plugin\5.6.0\cucumber-plugin-5.6.0.jar;C:\Users\Hassan Badr\.m2\repository\io\cucumber\docstring\5.6.0\docstring-5.6.0.jar;C:\Users\Hassan Badr\.m2\repository\org\apiguardian\apiguardian-api\1.1.0\apiguardian-api-1.1.0.jar;C:\Users\Hassan Badr\.m2\repository\io\cucumber\tag-expressions\2.0.4\tag-expressions-2.0.4.jar;C:\Users\Hassan Badr\.m2\repository\io\cucumber\cucumber-java\5.6.0\cucumber-java-5.6.0.jar;C:\Users\Hassan Badr\.m2\repository\io\cucumber\cucumber-junit\5.6.0\cucumber-junit-5.6.0.jar;C:\Users\Hassan Badr\.m2\repository\net\masterthought\cucumber-reporting\5.2.0\cucumber-reporting-5.2.0.jar;C:\Users\Hassan Badr\.m2\repository\com\fasterxml\jackson\core\jackson-databind\2.10.1\jackson-databind-2.10.1.jar;C:\Users\Hassan Badr\.m2\repository\com\fasterxml\jackson\core\jackson-annotations\2.10.1\jackson-annotations-2.10.1.jar;C:\Users\Hassan Badr\.m2\repository\com\fasterxml\jackson\core\jackson-core\2.10.1\jackson-core-2.10.1.jar;C:\Users\Hassan Badr\.m2\repository\com\fasterxml\jackson\datatype\jackson-datatype-jsr310\2.10.1\jackson-datatype-jsr310-2.10.1.jar;C:\Users\Hassan Badr\.m2\repository\org\apache\velocity\velocity-engine-core\2.1\velocity-engine-core-2.1.jar;C:\Users\Hassan Badr\.m2\repository\org\slf4j\slf4j-api\1.7.26\slf4j-api-1.7.26.jar;C:\Users\Hassan Badr\.m2\repository\commons-collections\commons-collections\3.2.2\commons-collections-3.2.2.jar;C:\Users\Hassan Badr\.m2\repository\joda-time\joda-time\2.10.5\joda-time-2.10.5.jar;C:\Users\Hassan Badr\.m2\repository\org\apache\commons\commons-lang3\3.9\commons-lang3-3.9.jar;C:\Users\Hassan Badr\.m2\repository\commons-io\commons-io\2.6\commons-io-2.6.jar;C:\Users\Hassan Badr\.m2\repository\org\codehaus\plexus\plexus-utils\3.3.0\plexus-utils-3.3.0.jar;C:\Users\Hassan Badr\.m2\repository\org\jsoup\jsoup\1.12.1\jsoup-1.12.1.jar;C:\Users\Hassan Badr\.m2\repository\com\googlecode\owasp-java-html-sanitizer\owasp-java-html-sanitizer\20191001.1\owasp-java-html-sanitizer-20191001.1.jar;C:\Users\Hassan Badr\.m2\repository\com\google\guava\guava\27.1-jre\guava-27.1-jre.jar;C:\Users\Hassan Badr\.m2\repository\com\google\guava\failureaccess\1.0.1\failureaccess-1.0.1.jar;C:\Users\Hassan Badr\.m2\repository\com\google\guava\listenablefuture\9999.0-empty-to-avoid-conflict-with-guava\listenablefuture-9999.0-empty-to-avoid-conflict-with-guava.jar;C:\Users\Hassan Badr\.m2\repository\org\checkerframework\checker-qual\2.5.2\checker-qual-2.5.2.jar;C:\Users\Hassan Badr\.m2\repository\com\google\errorprone\error_prone_annotations\2.2.0\error_prone_annotations-2.2.0.jar;C:\Users\Hassan Badr\.m2\repository\com\google\j2objc\j2objc-annotations\1.1\j2objc-annotations-1.1.jar;C:\Users\Hassan Badr\.m2\repository\org\codehaus\mojo\animal-sniffer-annotations\1.17\animal-sniffer-annotations-1.17.jar;C:\Users\Hassan Badr\.m2\repository\commons-configuration\commons-configuration\1.10\commons-configuration-1.10.jar;C:\Users\Hassan Badr\.m2\repository\commons-lang\commons-lang\2.6\commons-lang-2.6.jar;C:\Users\Hassan Badr\.m2\repository\io\cucumber\gherkin\13.0.0\gherkin-13.0.0.jar;C:\Users\Hassan Badr\.m2\repository\io\cucumber\messages\12.0.0\messages-12.0.0.jar;C:\Users\Hassan Badr\.m2\repository\io\cucumber\datatable-matchers\3.3.1\datatable-matchers-3.3.1.jar;C:\Users\Hassan Badr\.m2\repository\io\cucumber\cucumber-java8\5.6.0\cucumber-java8-5.6.0.jar;C:\Users\Hassan Badr\.m2\repository\net\jodah\typetools\0.6.2\typetools-0.6.2.jar;C:\Users\Hassan Badr\.m2\repository\io\cucumber\cucumber-picocontainer\5.6.0\cucumber-picocontainer-5.6.0.jar;C:\Users\Hassan Badr\.m2\repository\org\picocontainer\picocontainer\2.15\picocontainer-2.15.jar;C:\Users\Hassan Badr\.m2\repository\com\aventstack\extentreports\4.1.5\extentreports-4.1.5.jar;C:\Users\Hassan Badr\.m2\repository\org\freemarker\freemarker\2.3.29\freemarker-2.3.29.jar;C:\Users\Hassan Badr\.m2\repository\org\mongodb\mongodb-driver\3.12.0\mongodb-driver-3.12.0.jar;C:\Users\Hassan Badr\.m2\repository\org\mongodb\mongodb-driver-core\3.12.0\mongodb-driver-core-3.12.0.jar;C:\Users\Hassan Badr\.m2\repository\org\mongodb\bson\3.12.0\bson-3.12.0.jar;C:\Users\Hassan Badr\.m2\repository\tech\grasshopper\extentreports-cucumber5-adapter\1.2.0\extentreports-cucumber5-adapter-1.2.0.jar;C:\Users\Hassan Badr\.m2\repository\com\github\javafaker\javafaker\1.0.2\javafaker-1.0.2.jar;C:\Users\Hassan Badr\.m2\repository\org\yaml\snakeyaml\1.23\snakeyaml-1.23-android.jar;C:\Users\Hassan Badr\.m2\repository\com\github\mifmif\generex\1.0.2\generex-1.0.2.jar;C:\Users\Hassan Badr\.m2\repository\dk\brics\automaton\automaton\1.11-8\automaton-1.11-8.jar;"/>
    <property name="sun.cpu.endian" value="little"/>
    <property name="user.home" value="C:\Users\Hassan Badr"/>
    <property name="user.language" value="en"/>
    <property name="java.specification.vendor" value="Oracle Corporation"/>
    <property name="java.version.date" value="2020-07-14"/>
    <property name="java.home" value="C:\Program Files\Java\jdk-11.0.8"/>
    <property name="file.separator" value="\"/>
    <property name="basedir" value="F:\Prossional Courses\VOIS-Task\API-TestModule"/>
    <property name="java.vm.compressedOopsMode" value="Zero based"/>
    <property name="line.separator" value="&#10;"/>
    <property name="extent.reporter.html.out" value="testOutput/extent/HtmlReport/ExtentHtml.html"/>
    <property name="java.specification.name" value="Java Platform API Specification"/>
    <property name="java.vm.specification.vendor" value="Oracle Corporation"/>
    <property name="extent.reporter.html.start" value="true"/>
    <property name="java.awt.graphicsenv" value="sun.awt.Win32GraphicsEnvironment"/>
    <property name="extent.reporter.spark.start" value="true"/>
    <property name="surefire.real.class.path" value="C:\Users\HASSAN~1\AppData\Local\Temp\surefire7040254668903162216\surefirebooter15531536163911761421.jar"/>
    <property name="user.script" value=""/>
    <property name="sun.management.compiler" value="HotSpot 64-Bit Tiered Compilers"/>
    <property name="java.runtime.version" value="11.0.8+10-LTS"/>
    <property name="user.name" value="Hassan Badr"/>
    <property name="path.separator" value=";"/>
    <property name="os.version" value="10.0"/>
    <property name="extent.reporter.spark.out" value="testOutput/extent/Spark/Spark.html"/>
    <property name="java.runtime.name" value="Java(TM) SE Runtime Environment"/>
    <property name="file.encoding" value="Cp1252"/>
    <property name="java.vm.name" value="Java HotSpot(TM) 64-Bit Server VM"/>
    <property name="java.vendor.version" value="18.9"/>
    <property name="localRepository" value="C:\Users\Hassan Badr\.m2\repository"/>
    <property name="java.vendor.url.bug" value="https://bugreport.java.com/bugreport/"/>
    <property name="java.io.tmpdir" value="C:\Users\HASSAN~1\AppData\Local\Temp\"/>
    <property name="java.version" value="11.0.8"/>
    <property name="user.dir" value="F:\Prossional Courses\VOIS-Task\API-TestModule"/>
    <property name="os.arch" value="amd64"/>
    <property name="java.vm.specification.name" value="Java Virtual Machine Specification"/>
    <property name="extent.reporter.logger.out" value="testOutput/extent/Logger"/>
    <property name="java.awt.printerjob" value="sun.awt.windows.WPrinterJob"/>
    <property name="sun.os.patch.level" value=""/>
    <property name="java.library.path" value="C:\Program Files\Java\jdk-11.0.8\bin;C:\Windows\Sun\Java\bin;C:\Windows\system32;C:\Windows;C:\Program Files\Common Files\Oracle\Java\javapath;C:\Python38\Scripts\;C:\Python38\;C:\Windows\system32;C:\Windows;C:\Windows\System32\Wbem;C:\Windows\System32\WindowsPowerShell\v1.0\;C:\Windows\System32\OpenSSH\;D:\Working\ansi189-bin\x64;C:\Program Files\Amazon\AWSCLIV2\;C:\ProgramData\chocolatey\bin;C:\ProgramData\chocolatey\lib\maven\apache-maven-3.6.3\bin;C:\Program Files\Java\jdk-13.0.2\bin;C:\Program Files\Git\cmd;C:\Program Files\nodejs\;C:\Program Files\Gource\cmd;C:\Ruby26-x64\bin;C:\Ruby25\bin;C:\Ruby27-x64\bin;C:\Users\Hassan Badr\AppData\Local\Microsoft\WindowsApps;C:\Program Files\JetBrains\IntelliJ IDEA Community Edition 2019.3.3\bin;C:\Users\Hassan Badr\AppData\Local\Programs\Microsoft VS Code\bin;C:\Users\Hassan Badr\AppData\Roaming\npm;."/>
    <property name="java.vendor" value="Oracle Corporation"/>
    <property name="java.vm.info" value="mixed mode"/>
    <property name="java.vm.version" value="11.0.8+10-LTS"/>
    <property name="sun.io.unicode.encoding" value="UnicodeLittle"/>
    <property name="java.class.version" value="55.0"/>
  </properties>
  <testcase name="User try to create a post with valid data" classname="user create a post" time="2.843"/>
  <testcase name="User Try to get All posts" classname="User Get All Post" time="0.944"/>
  <testcase name="User try to get a post with the id of the post" classname="Get a post with a post id" time="0.005"/>
  <testcase name="User try to get a post with the id of the post" classname="Get a post with a post id" time="0.206"/>
  <testcase name="User try to get a post with the invalid id of the post" classname="Get a post with a post id" time="0.283"/>
  <testcase name="User try to get a post with the invalid id of the post" classname="Get a post with a post id" time="0.357"/>
  <testcase name="User try to get a post with the invalid id of the post" classname="Get a post with a post id" time="0.348"/>
</testsuite>