<?xml version="1.0" encoding="UTF-8"?>
<!-- Generated by org.testng.reporters.JUnitReportReporter -->
<testsuite skipped="0" hostname="LAPTOP-0R4OL0F9" name="tests.CartPageTest" tests="1" failures="0" timestamp="10 Apr 2021 13:15:42 GMT" time="3.686" errors="0">
  <testcase name="UserCanChecOut" time="3.686" classname="tests.CartPageTest"/>
</testsuite> <!-- tests.CartPageTest -->
