<?xml version="1.0" encoding="UTF-8"?>
<!-- Generated by org.testng.reporters.JUnitReportReporter -->
<testsuite skipped="0" hostname="LAPTOP-0R4OL0F9" name="tests.EndToEndFlowTest" tests="1" failures="0" timestamp="10 Apr 2021 14:13:40 GMT" time="16.529" errors="0">
  <testcase name="CompleteFlow" time="16.529" classname="tests.EndToEndFlowTest"/>
</testsuite> <!-- tests.EndToEndFlowTest -->
