<?xml version="1.0" encoding="UTF-8"?>
<!-- Generated by org.testng.reporters.JUnitReportReporter -->
<testsuite skipped="0" hostname="LAPTOP-0R4OL0F9" name="tests.CheckOutInformationTest" tests="1" failures="0" timestamp="10 Apr 2021 13:25:02 GMT" time="3.966" errors="0">
  <testcase name="UserInsertCheckOutInfo" time="3.966" classname="tests.CheckOutInformationTest"/>
</testsuite> <!-- tests.CheckOutInformationTest -->
