<?xml version="1.0" encoding="UTF-8"?>
<!-- Generated by org.testng.reporters.JUnitReportReporter -->
<testsuite skipped="0" hostname="LAPTOP-0R4OL0F9" name="tests.LoginPageTest" tests="1" failures="0" timestamp="09 Apr 2021 20:01:40 GMT" time="1.576" errors="0">
  <testcase name="UserCanLogin" time="1.576" classname="tests.LoginPageTest"/>
</testsuite> <!-- tests.LoginPageTest -->
