<?xml version="1.0" encoding="UTF-8"?>
<!-- Generated by org.testng.reporters.JUnitReportReporter -->
<testsuite skipped="0" hostname="LAPTOP-0R4OL0F9" name="tests.CheckOutOverViewPageTest" tests="1" failures="0" timestamp="10 Apr 2021 13:33:08 GMT" time="4.116" errors="0">
  <testcase name="UserCheckOutOverView" time="4.116" classname="tests.CheckOutOverViewPageTest"/>
</testsuite> <!-- tests.CheckOutOverViewPageTest -->
