<?xml version="1.0" encoding="UTF-8"?>
<!-- Generated by org.testng.reporters.JUnitReportReporter -->
<testsuite skipped="0" hostname="LAPTOP-0R4OL0F9" name="tests.ProductsPageTest" tests="1" failures="0" timestamp="10 Apr 2021 12:59:32 GMT" time="0.704" errors="0">
  <testcase name="UserCanAddProductsToCart" time="0.704" classname="tests.ProductsPageTest"/>
</testsuite> <!-- tests.ProductsPageTest -->
